<?xml version="1.0" encoding="UTF-8"?>
<!-- Generated by org.testng.reporters.JUnitReportReporter -->
<testsuite skipped="0" hostname="LAPTOP-RM4ML17P" name="cl.hakalab.demo.automation.business.flow.DemoTest" tests="1" failures="0" timestamp="22 ene 2019 23:48:00 GMT" time="0.025" errors="0">
  <testcase name="flag" time="0.025" classname="cl.hakalab.demo.automation.business.flow.DemoTest"/>
</testsuite> <!-- cl.hakalab.demo.automation.business.flow.DemoTest -->
